<?xml version="1.0" encoding="UTF-8"?>
<!-- Generated by org.testng.reporters.JUnitReportReporter -->
<testsuite hostname="DESKTOP-EQU5D95" failures="0" tests="1" name="pom_ddf_TestNg.kiteLogintest1" time="1.732" errors="0" timestamp="2022-07-06T23:48:50 IST" skipped="0">
  <testcase classname="pom_ddf_TestNg.kiteLogintest1" name="verifyUserid" time="1.732"/>
  <system-out/>
</testsuite> <!-- pom_ddf_TestNg.kiteLogintest1 -->
