<?xml version="1.0" encoding="UTF-8"?>
<!-- Generated by org.testng.reporters.JUnitReportReporter -->
<testsuite hostname="DESKTOP-EQU5D95" failures="0" tests="1" name="pomDDf_testng.pom_ddf_with_test" time="2.354" errors="0" timestamp="2022-07-01T16:12:39 IST" skipped="0">
  <testcase classname="pomDDf_testng.pom_ddf_with_test" name="verifyuserid" time="2.354"/>
  <system-out/>
</testsuite> <!-- pomDDf_testng.pom_ddf_with_test -->
