<?xml version="1.0" encoding="UTF-8"?>
<!-- Generated by org.testng.reporters.JUnitReportReporter -->
<testsuite hostname="DESKTOP-EQU5D95" failures="0" tests="1" name="TestNg.test1" time="2.142" errors="0" timestamp="2022-06-30T13:57:52 IST" skipped="0">
  <testcase classname="TestNg.test1" name="Verifyuserid" time="2.142"/>
  <system-out/>
</testsuite> <!-- TestNg.test1 -->
