<?xml version="1.0" encoding="UTF-8"?>
<!-- Generated by org.testng.reporters.JUnitReportReporter -->
<testsuite hostname="DESKTOP-EQU5D95" failures="0" tests="3" name="TestNg.ex_06_keyword_enabled" time="0.014" errors="0" timestamp="2022-06-22T20:35:36 IST" skipped="0">
  <testcase classname="TestNg.ex_06_keyword_enabled" name="Tc2" time="0.001"/>
  <system-out>
    <![CDATA[running Tc2]]>
  </system-out>
  <testcase classname="TestNg.ex_06_keyword_enabled" name="Tc3" time="0.002"/>
  <system-out>
    <![CDATA[running Tc3]]>
  </system-out>
  <testcase classname="TestNg.ex_06_keyword_enabled" name="Tc1" time="0.011"/>
  <system-out>
    <![CDATA[running Tc1]]>
  </system-out>
</testsuite> <!-- TestNg.ex_06_keyword_enabled -->
