<?xml version="1.0" encoding="UTF-8"?>
<!-- Generated by org.testng.reporters.JUnitReportReporter -->
<testsuite hostname="DESKTOP-EQU5D95" failures="0" tests="4" name="TestNg.ex_09_sample1" time="0.015" errors="0" timestamp="2022-06-24T12:01:06 IST" skipped="1">
  <testcase classname="TestNg.ex_09_sample1" name="Tc1" time="0.011"/>
  <system-out>
    <![CDATA[tac1 running]]>
  </system-out>
  <testcase classname="TestNg.ex_09_sample1" name="Tc3" time="0.002"/>
  <system-out>
    <![CDATA[tac3 running]]>
  </system-out>
  <testcase classname="TestNg.ex_09_sample1" name="Tc2" time="0.002"/>
  <system-out>
    <![CDATA[tac2 running]]>
  </system-out>
  <testcase classname="TestNg.ex_09_sample1" name="Tc4">
    <skipped/>
  </testcase> <!-- Tc4 -->
  <system-out/>
</testsuite> <!-- TestNg.ex_09_sample1 -->
