<?xml version="1.0" encoding="UTF-8"?>
<!-- Generated by org.testng.reporters.JUnitReportReporter -->
<testsuite hostname="DESKTOP-EQU5D95" failures="0" tests="1" name="TestNg.ex_08_keyword4_timeout" time="4.020" errors="0" timestamp="2022-06-23T10:09:21 IST" skipped="0">
  <testcase classname="TestNg.ex_08_keyword4_timeout" name="tc1" time="4.020"/>
  <system-out>
    <![CDATA[running tc1]]>
  </system-out>
</testsuite> <!-- TestNg.ex_08_keyword4_timeout -->
