<?xml version="1.0" encoding="UTF-8"?>
<!-- Generated by org.testng.reporters.JUnitReportReporter -->
<testsuite hostname="DESKTOP-EQU5D95" failures="0" tests="1" name="TestNg.ex_10_Assertclass_assertNull" time="0.013" errors="0" timestamp="2022-06-24T12:26:29 IST" skipped="0">
  <testcase classname="TestNg.ex_10_Assertclass_assertNull" name="assertnull" time="0.013"/>
  <system-out/>
</testsuite> <!-- TestNg.ex_10_Assertclass_assertNull -->
