<?xml version="1.0" encoding="UTF-8"?>
<!-- Generated by org.testng.reporters.JUnitReportReporter -->
<testsuite hostname="DESKTOP-EQU5D95" failures="0" tests="1" name="TestNg.ex_01_testng" time="18.421" errors="0" timestamp="2022-06-22T15:11:29 IST" skipped="0">
  <testcase classname="TestNg.ex_01_testng" name="m1" time="18.421"/>
  <system-out/>
</testsuite> <!-- TestNg.ex_01_testng -->
