<?xml version="1.0" encoding="UTF-8"?>
<!-- Generated by org.testng.reporters.JUnitReportReporter -->
<testsuite hostname="DESKTOP-EQU5D95" failures="0" tests="3" name="TestNg.ex_09_sample2" time="0.003" errors="0" timestamp="2022-06-24T12:01:06 IST" skipped="0">
  <testcase classname="TestNg.ex_09_sample2" name="Tc7" time="0.000"/>
  <system-out>
    <![CDATA[tac7 running]]>
  </system-out>
  <testcase classname="TestNg.ex_09_sample2" name="Tc6" time="0.001"/>
  <system-out>
    <![CDATA[tac6 running]]>
  </system-out>
  <testcase classname="TestNg.ex_09_sample2" name="Tc5" time="0.002"/>
  <system-out>
    <![CDATA[tac5 running]]>
  </system-out>
</testsuite> <!-- TestNg.ex_09_sample2 -->
