<?xml version="1.0" encoding="UTF-8"?>
<!-- Generated by org.testng.reporters.JUnitReportReporter -->
<testsuite hostname="DESKTOP-EQU5D95" failures="0" tests="3" name="TestNg.EX_13_group1" time="0.013" errors="0" timestamp="2022-06-27T16:09:20 IST" skipped="0">
  <testcase classname="TestNg.EX_13_group1" name="Tc4" time="0.011"/>
  <system-out>
    <![CDATA[running tc4]]>
  </system-out>
  <testcase classname="TestNg.EX_13_group1" name="Tc6" time="0.001"/>
  <system-out>
    <![CDATA[running tc6]]>
  </system-out>
  <testcase classname="TestNg.EX_13_group1" name="Tc5" time="0.001"/>
  <system-out>
    <![CDATA[running tc5]]>
  </system-out>
</testsuite> <!-- TestNg.EX_13_group1 -->
