<?xml version="1.0" encoding="UTF-8"?>
<!-- Generated by org.testng.reporters.JUnitReportReporter -->
<testsuite hostname="DESKTOP-EQU5D95" failures="0" tests="1" name="fb_delete_friendrequest.testing" time="17.799" errors="0" timestamp="2022-07-08T13:11:22 IST" skipped="0">
  <testcase classname="fb_delete_friendrequest.testing" name="testvalidlogin" time="17.799"/>
  <system-out/>
</testsuite> <!-- fb_delete_friendrequest.testing -->
