<?xml version="1.0" encoding="UTF-8"?>
<!-- Generated by org.testng.reporters.JUnitReportReporter -->
<testsuite hostname="DESKTOP-EQU5D95" failures="0" tests="1" name="pom_with_ddf_testNG_with_baseClasss_utility.pom_withTestNg_ddf_" time="1.985" errors="0" timestamp="2022-07-07T09:04:16 IST" skipped="0">
  <testcase classname="pom_with_ddf_testNG_with_baseClasss_utility.pom_withTestNg_ddf_" name="verifyuserid" time="1.985"/>
  <system-out/>
</testsuite> <!-- pom_with_ddf_testNG_with_baseClasss_utility.pom_withTestNg_ddf_ -->
