<?xml version="1.0" encoding="UTF-8"?>
<!-- Generated by org.testng.reporters.JUnitReportReporter -->
<testsuite hostname="DESKTOP-EQU5D95" failures="0" tests="2" name="TestNg.Ex_15_MultibrowserTesting" time="15.592" errors="0" timestamp="2022-06-28T13:48:37 IST" skipped="0">
  <testcase classname="TestNg.Ex_15_MultibrowserTesting" name="Tc" time="9.281"/>
  <system-out/>
  <testcase classname="TestNg.Ex_15_MultibrowserTesting" name="Tc" time="6.311"/>
  <system-out/>
</testsuite> <!-- TestNg.Ex_15_MultibrowserTesting -->
