<?xml version="1.0" encoding="UTF-8"?>
<!-- Generated by org.testng.reporters.JUnitReportReporter -->
<testsuite hostname="DESKTOP-EQU5D95" failures="0" tests="4" name="TestNg.EX_13_group2" time="0.008" errors="0" timestamp="2022-06-27T16:09:20 IST" skipped="0">
  <testcase classname="TestNg.EX_13_group2" name="T12" time="0.003"/>
  <system-out>
    <![CDATA[running tc12]]>
  </system-out>
  <testcase classname="TestNg.EX_13_group2" name="Tc10" time="0.002"/>
  <system-out>
    <![CDATA[running tc10]]>
  </system-out>
  <testcase classname="TestNg.EX_13_group2" name="Tc11" time="0.001"/>
  <system-out>
    <![CDATA[running tc11]]>
  </system-out>
  <testcase classname="TestNg.EX_13_group2" name="Tc13" time="0.002"/>
  <system-out>
    <![CDATA[running tc13]]>
  </system-out>
</testsuite> <!-- TestNg.EX_13_group2 -->
