<?xml version="1.0" encoding="UTF-8"?>
<!-- Generated by org.testng.reporters.JUnitReportReporter -->
<testsuite hostname="DESKTOP-EQU5D95" failures="0" tests="3" name="TestNg.ex_03_annotations" time="0.012" errors="0" timestamp="2022-06-23T10:33:17 IST" skipped="0">
  <testcase classname="TestNg.ex_03_annotations" name="verifyUserid3" time="0.002"/>
  <system-out>
    <![CDATA[running id3]]>
  </system-out>
  <testcase classname="TestNg.ex_03_annotations" name="verifyUserid1" time="0.006"/>
  <system-out>
    <![CDATA[running id1]]>
  </system-out>
  <testcase classname="TestNg.ex_03_annotations" name="verifyUserid2" time="0.004"/>
  <system-out>
    <![CDATA[running id2]]>
  </system-out>
</testsuite> <!-- TestNg.ex_03_annotations -->
