<?xml version="1.0" encoding="UTF-8"?>
<!-- Generated by org.testng.reporters.JUnitReportReporter -->
<testsuite hostname="DESKTOP-EQU5D95" failures="0" tests="2" name="TestNg.ex_08_keyword_5_dependsonmethods" time="0.010" errors="0" timestamp="2022-06-23T10:16:28 IST" skipped="0">
  <testcase classname="TestNg.ex_08_keyword_5_dependsonmethods" name="logout" time="0.001"/>
  <system-out>
    <![CDATA[logout tc running]]>
  </system-out>
  <testcase classname="TestNg.ex_08_keyword_5_dependsonmethods" name="login" time="0.009"/>
  <system-out>
    <![CDATA[login running]]>
  </system-out>
</testsuite> <!-- TestNg.ex_08_keyword_5_dependsonmethods -->
