<?xml version="1.0" encoding="UTF-8"?>
<!-- Generated by org.testng.reporters.JUnitReportReporter -->
<testsuite hostname="DESKTOP-EQU5D95" failures="0" tests="3" name="TestNg.ex_11_disableTcexecution1fromTest_class" time="0.012" errors="0" timestamp="2022-06-25T09:06:19 IST" skipped="2">
  <testcase classname="TestNg.ex_11_disableTcexecution1fromTest_class" name="Tc1" time="0.012"/>
  <system-out>
    <![CDATA[running Tc1]]>
  </system-out>
  <testcase classname="TestNg.ex_11_disableTcexecution1fromTest_class" name="Tc2">
    <skipped/>
  </testcase> <!-- Tc2 -->
  <system-out/>
  <testcase classname="TestNg.ex_11_disableTcexecution1fromTest_class" name="Tc3">
    <skipped/>
  </testcase> <!-- Tc3 -->
  <system-out/>
</testsuite> <!-- TestNg.ex_11_disableTcexecution1fromTest_class -->
