<?xml version="1.0" encoding="UTF-8"?>
<!-- Generated by org.testng.reporters.JUnitReportReporter -->
<testsuite hostname="DESKTOP-EQU5D95" failures="0" tests="1" name="problem_program.test" time="1.533" errors="0" timestamp="2022-07-01T16:13:31 IST" skipped="0">
  <testcase classname="problem_program.test" name="verifyuserid" time="1.533"/>
  <system-out/>
</testsuite> <!-- problem_program.test -->
