<?xml version="1.0" encoding="UTF-8"?>
<!-- Generated by org.testng.reporters.JUnitReportReporter -->
<testsuite hostname="DESKTOP-EQU5D95" failures="0" tests="3" name="TestNg.ex_08_keyword_dependsonmethods_02" time="0.013" errors="0" timestamp="2022-06-23T10:21:57 IST" skipped="0">
  <testcase classname="TestNg.ex_08_keyword_dependsonmethods_02" name="logout" time="0.001"/>
  <system-out>
    <![CDATA[logout tc running]]>
  </system-out>
  <testcase classname="TestNg.ex_08_keyword_dependsonmethods_02" name="login2" time="0.001"/>
  <system-out>
    <![CDATA[login2 running]]>
  </system-out>
  <testcase classname="TestNg.ex_08_keyword_dependsonmethods_02" name="login1" time="0.011"/>
  <system-out>
    <![CDATA[login1 running]]>
  </system-out>
</testsuite> <!-- TestNg.ex_08_keyword_dependsonmethods_02 -->
