<?xml version="1.0" encoding="UTF-8"?>
<!-- Generated by org.testng.reporters.JUnitReportReporter -->
<testsuite hostname="DESKTOP-EQU5D95" failures="0" tests="3" name="TestNg.ex12_failedXML2" time="0.009" errors="0" timestamp="2022-06-27T15:27:15 IST" skipped="0">
  <testcase classname="TestNg.ex12_failedXML2" name="Tc5" time="0.001"/>
  <system-out>
    <![CDATA[running Tc5]]>
  </system-out>
  <testcase classname="TestNg.ex12_failedXML2" name="Tc4" time="0.001"/>
  <system-out>
    <![CDATA[running Tc4]]>
  </system-out>
  <testcase classname="TestNg.ex12_failedXML2" name="Tc6" time="0.007"/>
  <system-out>
    <![CDATA[running Tc6]]>
  </system-out>
</testsuite> <!-- TestNg.ex12_failedXML2 -->
