<?xml version="1.0" encoding="UTF-8"?>
<!-- Generated by org.testng.reporters.JUnitReportReporter -->
<testsuite hostname="DESKTOP-EQU5D95" failures="0" tests="4" name="TestNg.ex_07__keyword_priority_2" time="0.016" errors="0" timestamp="2022-06-22T20:43:52 IST" skipped="0">
  <testcase classname="TestNg.ex_07__keyword_priority_2" name="tc4" time="0.012"/>
  <system-out>
    <![CDATA[running tc4]]>
  </system-out>
  <testcase classname="TestNg.ex_07__keyword_priority_2" name="tc1" time="0.001"/>
  <system-out>
    <![CDATA[running tc1]]>
  </system-out>
  <testcase classname="TestNg.ex_07__keyword_priority_2" name="tc2" time="0.002"/>
  <system-out>
    <![CDATA[running tc2]]>
  </system-out>
  <testcase classname="TestNg.ex_07__keyword_priority_2" name="tc3" time="0.001"/>
  <system-out>
    <![CDATA[running tc3]]>
  </system-out>
</testsuite> <!-- TestNg.ex_07__keyword_priority_2 -->
