<?xml version="1.0" encoding="UTF-8"?>
<!-- Generated by org.testng.reporters.JUnitReportReporter -->
<testsuite hostname="DESKTOP-EQU5D95" failures="0" tests="3" name="TestNg.ex_02_testing" time="0.017" errors="0" timestamp="2022-06-22T20:07:27 IST" skipped="0">
  <testcase classname="TestNg.ex_02_testing" name="Tc2" time="0.001"/>
  <system-out>
    <![CDATA[running Tc2]]>
  </system-out>
  <testcase classname="TestNg.ex_02_testing" name="Tc3" time="0.004"/>
  <system-out>
    <![CDATA[running Tc3]]>
  </system-out>
  <testcase classname="TestNg.ex_02_testing" name="Tc1" time="0.012"/>
  <system-out>
    <![CDATA[running Tc1]]>
  </system-out>
</testsuite> <!-- TestNg.ex_02_testing -->
