<?xml version="1.0" encoding="UTF-8"?>
<!-- Generated by org.testng.reporters.JUnitReportReporter -->
<testsuite hostname="DESKTOP-EQU5D95" failures="0" tests="1" name="TestNg.ex_10_asserttrue" time="0.010" errors="0" timestamp="2022-06-24T12:20:44 IST" skipped="0">
  <testcase classname="TestNg.ex_10_asserttrue" name="asserttrue" time="0.010"/>
  <system-out/>
</testsuite> <!-- TestNg.ex_10_asserttrue -->
