<?xml version="1.0" encoding="UTF-8"?>
<!-- Generated by org.testng.reporters.JUnitReportReporter -->
<testsuite hostname="DESKTOP-EQU5D95" failures="0" tests="2" name="TestNg.EX11_disable_execution_sample1" time="0.012" errors="0" timestamp="2022-06-25T09:47:45 IST" skipped="0">
  <testcase classname="TestNg.EX11_disable_execution_sample1" name="Tc1" time="0.010"/>
  <system-out>
    <![CDATA[running Tc1]]>
  </system-out>
  <testcase classname="TestNg.EX11_disable_execution_sample1" name="Tc3" time="0.002"/>
  <system-out>
    <![CDATA[running Tc3]]>
  </system-out>
</testsuite> <!-- TestNg.EX11_disable_execution_sample1 -->
