<?xml version="1.0" encoding="UTF-8"?>
<!-- Generated by org.testng.reporters.JUnitReportReporter -->
<testsuite hostname="DESKTOP-EQU5D95" failures="0" tests="2" name="TestNg.ex11_disable_execution_sample2" time="0.003" errors="0" timestamp="2022-06-25T09:47:45 IST" skipped="0">
  <testcase classname="TestNg.ex11_disable_execution_sample2" name="Tc5" time="0.002"/>
  <system-out>
    <![CDATA[running Tc5]]>
  </system-out>
  <testcase classname="TestNg.ex11_disable_execution_sample2" name="Tc4" time="0.001"/>
  <system-out>
    <![CDATA[running Tc4]]>
  </system-out>
</testsuite> <!-- TestNg.ex11_disable_execution_sample2 -->
