<?xml version="1.0" encoding="UTF-8"?>
<!-- Generated by org.testng.reporters.JUnitReportReporter -->
<testsuite hostname="DESKTOP-EQU5D95" failures="0" tests="1" name="TestNg.ex_14_parellel1" time="16.998" errors="0" timestamp="2022-06-27T23:32:16 IST" skipped="0">
  <testcase classname="TestNg.ex_14_parellel1" name="openkiteapp" time="16.998"/>
  <system-out/>
</testsuite> <!-- TestNg.ex_14_parellel1 -->
